<?xml version="1.0" encoding="UTF-8"?>
<!-- Generated by org.testng.reporters.JUnitXMLReporter -->
<testsuite ignored="0" hostname="DESKTOP-PA87C39" failures="0" tests="1" name="Valid Login Test" time="0.015" errors="0" timestamp="2024-02-22T18:19:57 IST">
  <testcase classname="base.BaseTest" name="@BeforeTest beforeMethodMethod" time="-1.708606197097E9">
    <failure type="org.testng.TestNGException" message="
Parameter &amp;apos;browser&amp;apos; is required by BeforeTest on method beforeMethodMethod but has not been marked @Optional or defined
in D:\TwoLadder\TwoLadder\testng.xml">
      <![CDATA[org.testng.TestNGException: 
Parameter 'browser' is required by BeforeTest on method beforeMethodMethod but has not been marked @Optional or defined
in D:\TwoLadder\TwoLadder\testng.xml
... Removed 21 stack frames]]>
    </failure>
  </testcase> <!-- @BeforeTest beforeMethodMethod -->
  <testcase classname="qa.Tests.ValidLoginTest" name="@BeforeMethod initialize" time="-1.708606197102E9">
    <skipped/>
  </testcase> <!-- @BeforeMethod initialize -->
  <testcase classname="qa.Tests.ValidLoginTest" name="@AfterMethod finish" time="-1.70860619711E9">
    <skipped/>
  </testcase> <!-- @AfterMethod finish -->
  <testcase classname="qa.Tests.ValidLoginTest" name="ValidLogintest" time="0.0">
    <skipped/>
  </testcase> <!-- ValidLogintest -->
</testsuite> <!-- Valid Login Test -->
